<?xml version="1.0" encoding="UTF-8"?>
<testng-results ignored="0" total="1" passed="1" failed="0" skipped="0">
  <reporter-output>
  </reporter-output>
  <suite started-at="2019-01-10T23:56:22Z" name="Default suite" finished-at="2019-01-10T23:57:12Z" duration-ms="49632">
    <groups>
    </groups>
    <test started-at="2019-01-10T23:56:22Z" name="Default test" finished-at="2019-01-10T23:57:12Z" duration-ms="49632">
      <class name="testCases.AmazonBalance">
        <test-method is-config="true" signature="startReporter()[pri:0, instance:testCases.AmazonBalance@18df8434]" started-at="2019-01-10T23:56:22Z" name="startReporter" finished-at="2019-01-10T23:56:22Z" duration-ms="316" status="PASS">
          <reporter-output>
          </reporter-output>
        </test-method> <!-- startReporter -->
        <test-method is-config="true" signature="loadData()[pri:0, instance:testCases.AmazonBalance@18df8434]" started-at="2019-01-10T23:56:22Z" name="loadData" finished-at="2019-01-10T23:56:22Z" duration-ms="1" status="PASS">
          <reporter-output>
          </reporter-output>
        </test-method> <!-- loadData -->
        <test-method is-config="true" signature="beforClass()[pri:0, instance:testCases.AmazonBalance@18df8434]" started-at="2019-01-10T23:56:22Z" name="beforClass" finished-at="2019-01-10T23:56:22Z" duration-ms="0" status="PASS">
          <reporter-output>
          </reporter-output>
        </test-method> <!-- beforClass -->
        <test-method is-config="true" signature="launchApp()[pri:0, instance:testCases.AmazonBalance@18df8434]" started-at="2019-01-10T23:56:23Z" name="launchApp" finished-at="2019-01-10T23:56:43Z" duration-ms="19607" status="PASS">
          <reporter-output>
          </reporter-output>
        </test-method> <!-- launchApp -->
        <test-method signature="AmazonBalanceCheck(java.lang.String, java.lang.String)[pri:0, instance:testCases.AmazonBalance@18df8434]" started-at="2019-01-10T23:56:43Z" name="AmazonBalanceCheck" data-provider="getdata" finished-at="2019-01-10T23:57:06Z" duration-ms="23287" status="PASS">
          <params>
            <param index="0">
              <value>
                <![CDATA[ktrao4567@gmail.com]]>
              </value>
            </param>
            <param index="1">
              <value>
                <![CDATA[Thirupathi@143]]>
              </value>
            </param>
          </params>
          <reporter-output>
          </reporter-output>
        </test-method> <!-- AmazonBalanceCheck -->
        <test-method is-config="true" signature="closeBrowsers()[pri:0, instance:testCases.AmazonBalance@18df8434]" started-at="2019-01-10T23:57:06Z" name="closeBrowsers" finished-at="2019-01-10T23:57:12Z" duration-ms="5863" status="PASS">
          <reporter-output>
          </reporter-output>
        </test-method> <!-- closeBrowsers -->
        <test-method is-config="true" signature="afterClass()[pri:0, instance:testCases.AmazonBalance@18df8434]" started-at="2019-01-10T23:57:12Z" name="afterClass" finished-at="2019-01-10T23:57:12Z" duration-ms="3" status="PASS">
          <reporter-output>
          </reporter-output>
        </test-method> <!-- afterClass -->
        <test-method is-config="true" signature="AfteTest()[pri:0, instance:testCases.AmazonBalance@18df8434]" started-at="2019-01-10T23:57:12Z" name="AfteTest" finished-at="2019-01-10T23:57:12Z" duration-ms="0" status="PASS">
          <reporter-output>
          </reporter-output>
        </test-method> <!-- AfteTest -->
        <test-method is-config="true" signature="afterSuite()[pri:0, instance:testCases.AmazonBalance@18df8434]" started-at="2019-01-10T23:57:12Z" name="afterSuite" finished-at="2019-01-10T23:57:12Z" duration-ms="480" status="PASS">
          <reporter-output>
          </reporter-output>
        </test-method> <!-- afterSuite -->
      </class> <!-- testCases.AmazonBalance -->
    </test> <!-- Default test -->
  </suite> <!-- Default suite -->
</testng-results>
